  mian.cpp
c:\users\administrator\documents\visual studio 2015\projects\discovergame\discovergame\mian.cpp(87): warning C4996: 'scanf': This function or variable may be unsafe. Consider using scanf_s instead. To disable deprecation, use _CRT_SECURE_NO_WARNINGS. See online help for details.
  c:\program files (x86)\windows kits\10\include\10.0.10240.0\ucrt\stdio.h(1270): note: 'scanf' 선언을 참조하십시오.
c:\users\administrator\documents\visual studio 2015\projects\discovergame\discovergame\mian.cpp(92): warning C4996: 'getch': The POSIX name for this item is deprecated. Instead, use the ISO C and C++ conformant name: _getch. See online help for details.
  c:\program files (x86)\windows kits\10\include\10.0.10240.0\ucrt\conio.h(452): note: 'getch' 선언을 참조하십시오.
c:\users\administrator\documents\visual studio 2015\projects\discovergame\discovergame\mian.cpp(98): warning C4996: 'getch': The POSIX name for this item is deprecated. Instead, use the ISO C and C++ conformant name: _getch. See online help for details.
  c:\program files (x86)\windows kits\10\include\10.0.10240.0\ucrt\conio.h(452): note: 'getch' 선언을 참조하십시오.
c:\users\administrator\documents\visual studio 2015\projects\discovergame\discovergame\mian.cpp(104): warning C4996: 'getch': The POSIX name for this item is deprecated. Instead, use the ISO C and C++ conformant name: _getch. See online help for details.
  c:\program files (x86)\windows kits\10\include\10.0.10240.0\ucrt\conio.h(452): note: 'getch' 선언을 참조하십시오.
c:\users\administrator\documents\visual studio 2015\projects\discovergame\discovergame\mian.cpp(110): warning C4996: 'getch': The POSIX name for this item is deprecated. Instead, use the ISO C and C++ conformant name: _getch. See online help for details.
  c:\program files (x86)\windows kits\10\include\10.0.10240.0\ucrt\conio.h(452): note: 'getch' 선언을 참조하십시오.
c:\users\administrator\documents\visual studio 2015\projects\discovergame\discovergame\mian.cpp(116): warning C4996: 'getch': The POSIX name for this item is deprecated. Instead, use the ISO C and C++ conformant name: _getch. See online help for details.
  c:\program files (x86)\windows kits\10\include\10.0.10240.0\ucrt\conio.h(452): note: 'getch' 선언을 참조하십시오.
c:\users\administrator\documents\visual studio 2015\projects\discovergame\discovergame\mian.cpp(121): warning C4996: 'getch': The POSIX name for this item is deprecated. Instead, use the ISO C and C++ conformant name: _getch. See online help for details.
  c:\program files (x86)\windows kits\10\include\10.0.10240.0\ucrt\conio.h(452): note: 'getch' 선언을 참조하십시오.
c:\users\administrator\documents\visual studio 2015\projects\discovergame\discovergame\mian.cpp(135): warning C4996: 'scanf': This function or variable may be unsafe. Consider using scanf_s instead. To disable deprecation, use _CRT_SECURE_NO_WARNINGS. See online help for details.
  c:\program files (x86)\windows kits\10\include\10.0.10240.0\ucrt\stdio.h(1270): note: 'scanf' 선언을 참조하십시오.
c:\users\administrator\documents\visual studio 2015\projects\discovergame\discovergame\mian.cpp(140): warning C4996: 'getch': The POSIX name for this item is deprecated. Instead, use the ISO C and C++ conformant name: _getch. See online help for details.
  c:\program files (x86)\windows kits\10\include\10.0.10240.0\ucrt\conio.h(452): note: 'getch' 선언을 참조하십시오.
c:\users\administrator\documents\visual studio 2015\projects\discovergame\discovergame\mian.cpp(146): warning C4996: 'getch': The POSIX name for this item is deprecated. Instead, use the ISO C and C++ conformant name: _getch. See online help for details.
  c:\program files (x86)\windows kits\10\include\10.0.10240.0\ucrt\conio.h(452): note: 'getch' 선언을 참조하십시오.
c:\users\administrator\documents\visual studio 2015\projects\discovergame\discovergame\mian.cpp(152): warning C4996: 'getch': The POSIX name for this item is deprecated. Instead, use the ISO C and C++ conformant name: _getch. See online help for details.
  c:\program files (x86)\windows kits\10\include\10.0.10240.0\ucrt\conio.h(452): note: 'getch' 선언을 참조하십시오.
c:\users\administrator\documents\visual studio 2015\projects\discovergame\discovergame\mian.cpp(158): warning C4996: 'getch': The POSIX name for this item is deprecated. Instead, use the ISO C and C++ conformant name: _getch. See online help for details.
  c:\program files (x86)\windows kits\10\include\10.0.10240.0\ucrt\conio.h(452): note: 'getch' 선언을 참조하십시오.
c:\users\administrator\documents\visual studio 2015\projects\discovergame\discovergame\mian.cpp(164): warning C4996: 'getch': The POSIX name for this item is deprecated. Instead, use the ISO C and C++ conformant name: _getch. See online help for details.
  c:\program files (x86)\windows kits\10\include\10.0.10240.0\ucrt\conio.h(452): note: 'getch' 선언을 참조하십시오.
c:\users\administrator\documents\visual studio 2015\projects\discovergame\discovergame\mian.cpp(169): warning C4996: 'getch': The POSIX name for this item is deprecated. Instead, use the ISO C and C++ conformant name: _getch. See online help for details.
  c:\program files (x86)\windows kits\10\include\10.0.10240.0\ucrt\conio.h(452): note: 'getch' 선언을 참조하십시오.
c:\users\administrator\documents\visual studio 2015\projects\discovergame\discovergame\mian.cpp(194): warning C4996: 'scanf': This function or variable may be unsafe. Consider using scanf_s instead. To disable deprecation, use _CRT_SECURE_NO_WARNINGS. See online help for details.
  c:\program files (x86)\windows kits\10\include\10.0.10240.0\ucrt\stdio.h(1270): note: 'scanf' 선언을 참조하십시오.
  DiscoverGame.vcxproj -> c:\users\administrator\documents\visual studio 2015\Projects\DiscoverGame\Debug\DiscoverGame.exe
  DiscoverGame.vcxproj -> c:\users\administrator\documents\visual studio 2015\Projects\DiscoverGame\Debug\DiscoverGame.pdb (Full PDB)
